<?xml version="1.0" encoding="UTF-8"?>
<testsuite name="AppTest" tests="1" skipped="0" failures="0" errors="0" timestamp="2016-02-12T16:15:23" hostname="epicodus-117.local" time="0.003">
  <properties/>
  <testcase name="puzzleMaker_returnPhrase_rhythm" classname="AppTest" time="0.003"/>
  <system-out><![CDATA[]]></system-out>
  <system-err><![CDATA[]]></system-err>
</testsuite>
